2026-01-09 10:49:48,259 - KnowledgeGraph - INFO - Querying: which episode did Joey Tribbiani holds a cigarette?
2026-01-09 10:49:53,161 - KnowledgeGraph - INFO - Graph answer ('I don't know the answer.') insufficient/invalid, falling back to Vector DB...
2026-01-09 10:49:53,192 - KnowledgeGraph - INFO - Context retrieved from Vector DB:
2026-01-09 10:49:53,192 - KnowledgeGraph - INFO - Video: 1x03 - The One With The Thumb
Time: 00:02:57.886 - 00:04:00.072
Content: ### **DIALOGUE CONTEXT:**
Chandler discusses the concept of a cigarette as a missing object with Joey, who is holding one. The conversation has a casual, slightly humorous tone, with Chandler appearing animated and Joey reacting with expressive gestures and facial expressions.

### **TEMPORAL NOTES:**
Joey stands up from his seat
Chandler leans forward and gestures while speaking
Joey sits back down after standing up
Joey takes a puff from the cigarette
---
Video: 1x20 - The One with the Evil Orthodontist
Time: 00:03:59.113 - 00:04:58.422
Content: the interaction with a relaxed demeanor. Joey Tribbiani is partially visible in the background, listening to the group. The scene shifts to a dental office where Ross and Rachel are seated together in a dental chair, both looking up with expressions of discomfort or apprehension.
---
Video: 1x15 - The One With The Stoned Guy
Time: 00:13:57.962 - 00:15:00.106
Content: ### **TEMPORAL NOTES:**
Joey Tribbiani moves from standing to sitting on a bar stool
Ross Geller and Chandler Bing shift positions slightly while watching Joey
Joey Tribbiani gestures with his free hand while talking on the phone
