2026-01-10 13:34:16,739 - KnowledgeGraph - INFO - Querying: Find all timesteps and episode name did Joey hold mug?
2026-01-10 13:34:29,640 - KnowledgeGraph - INFO - Candidate Queries: ["Retrieve the `time_steps` and `video_name` properties from all `HOLDING` relationships where a `Person` node with `id: 'Joey'` `HOLDS` an `Object` node with `id: 'mug'`.", "Identify all `Person` nodes with `id: 'Joey'` that `HOLD` an `Object` node with `id: 'mug'`. For each such `HOLDING` action, extract its `time_steps` and identify the corresponding `video_name` from any `Document` node that `MENTIONS` the `Person` 'Joey' and matches the video associated with that `HOLDING` event."]
2026-01-10 13:34:29,648 - KnowledgeGraph - INFO - Trying candidate 1/2: Retrieve the `time_steps` and `video_name` properties from all `HOLDING` relationships where a `Person` node with `id: 'Joey'` `HOLDS` an `Object` node with `id: 'mug'`.
2026-01-10 13:35:03,602 - KnowledgeGraph - INFO - Trying candidate 2/2: Identify all `Person` nodes with `id: 'Joey'` that `HOLD` an `Object` node with `id: 'mug'`. For each such `HOLDING` action, extract its `time_steps` and identify the corresponding `video_name` from any `Document` node that `MENTIONS` the `Person` 'Joey' and matches the video associated with that `HOLDING` event.
2026-01-10 13:35:21,805 - KnowledgeGraph - INFO - Graph answer ('I don't know the answer.') insufficient/invalid, falling back to Video revisiting and Vector DB...
2026-01-10 13:35:21,890 - KnowledgeGraph - INFO - Context retrieved from Vector DB:
2026-01-10 13:35:21,890 - KnowledgeGraph - INFO - 


2026-01-10 13:35:21,890 - KnowledgeGraph - INFO - Revisiting video chunks...
2026-01-10 13:35:21,890 - KnowledgeGraph - INFO - Revisiting video chunk 1x21 - The One With The Fake Monica/chunk_00004/00004.mp4...
2026-01-10 13:36:46,651 - KnowledgeGraph - INFO - Revisited video chunk 1x21 - The One With The Fake Monica/chunk_00004/00004.mp4 with query What are the specific timesteps and episode names during which Joey was observed holding a mug?. New caption: Here's a detailed caption of the video, identifying the characters as requested:

*   **0:00 - 0:02**: **Rachel Green** is seen sitting at a kitchen table, leaning her head on her hand, looking sleepy or bored.
*   **0:02 - 0:07**: An establishing shot of a city skyline is shown.
*   **0:08 - 0:11**: **Joey Tribbiani** and **Chandler Bing** are sitting together on a couch in Central Perk. Joey is on the left, holding a pencil and a notepad, while Chandler is on the right, listening.
*   **0:11 - 0:15**: Close-up of **Joey Tribbiani** as he speaks.
*   **0:15 - 0:16**: Close-up of **Chandler Bing** as he speaks.
*   **0:17 - 0:21**: Both **Joey Tribbiani** and **Chandler Bing** are visible. A waitress approaches them, delivering a cup to Joey.
*   **0:21 - 0:29**: **Joey Tribbiani** is speaking while Chandler listens, both remaining on the couch. The waitress places a cup down and then moves away.
*   **0:29 - 0:31**: Closer shot of **Joey Tribbiani** and **Chandler Bing** reacting to the waitress leaving.
*   **0:31 - 0:39**: **Joey Tribbiani** and **Chandler Bing** continue their conversation on the couch.
*   **0:39 - 0:43**: Close-up of **Joey Tribbiani** as he speaks.
*   **0:43 - 0:45**: Close-up of **Chandler Bing** as he responds.
*   **0:45 - 0:50**: Close-up of **Joey Tribbiani** considering something.
*   **0:50 - 1:06**: **Joey Tribbiani** and **Chandler Bing** are seen talking and laughing on the couch, continuing their discussion.
2026-01-10 13:36:52,111 - KnowledgeGraph - INFO - Revisiting video chunk 1x11 - The One With Mrs. Bing/chunk_00004/00004.mp4...
2026-01-10 13:38:19,603 - KnowledgeGraph - INFO - Revisited video chunk 1x11 - The One With Mrs. Bing/chunk_00004/00004.mp4 with query What are the specific timesteps and episode names during which Joey was observed holding a mug?. New caption: Here's a detailed caption of the video, identifying characters ONLY by the provided names and reference images:

The scene takes place in Monica Geller's apartment.

**0:00 - 0:04**: **Monica Geller** (Reference 1) is sitting on the left side of a white couch, holding a blue box of cereal. **Ross Geller** (Reference 2) is sitting next to her, eating from a bowl. **Joey Tribbiani** (Reference 6) is next to Ross, wearing a red sweater and looking forward. Standing behind Joey is **Phoebe Buffay** (Reference 5), holding a bowl of popcorn. **Chandler Bing** (Reference 4) is standing in the center, talking, and gesturing. **Rachel Green** (Reference 3) is seated on an armchair to the right, wearing a dark top and watching Chandler. Chandler is discussing "Weekend at Bernie's" and saying they don't have to watch whatever is currently on.

**0:05 - 0:06**: Close-up of **Phoebe Buffay** holding a bowl of popcorn. **Monica Geller**, **Ross Geller**, and **Joey Tribbiani** are seated on the couch, looking at **Chandler Bing**, who is standing and covering his face with his hands in frustration as he responds to a comment about his mom.

**0:07 - 0:11**: Close-up of **Chandler Bing**, who is standing and talking about "Weekend at Bernie's," detailing the plot. He is wearing a dark, patterned polo shirt and blue jeans.

**0:12 - 0:13**: The group is shown again. **Chandler Bing** makes a comment that seems to displease **Rachel Green**, who looks at him with a slight frown.

**0:14 - 0:16**: **Chandler Bing** walks towards the kitchen area. **Rachel Green** approaches him, smiling, and says she loves his mom's books.

**0:17 - 0:20**: **Rachel Green** enthusiastically tells **Chandler Bing** how much she loves his mom's books, saying she can't get on a plane without one. Chandler looks uncomfortable.

**0:21 - 0:27**: **Chandler Bing** is talking to **Rachel Green**, telling her she wouldn't think it was cool if she was 11 and her friends were passing around page 79 of "Mistress Bitch." Rachel looks down, seemingly understanding his discomfort.

**0:28 - 0:29**: Close-up on **Ross Geller** and **Monica Geller** sitting on the couch. Ross is smiling and telling Chandler he loves his mom. **Phoebe Buffay** is visible in the background.

**0:30 - 0:31**: **Chandler Bing** responds to Ross, saying Ross can say that because she's not his mom. **Rachel Green** is briefly visible in the background.

**0:32 - 0:35**: **Rachel Green** greets a man with long curly dark hair who enters the apartment. They embrace and share a passionate kiss. (This man is not one of the provided references).

**0:36 - 0:40**: **Joey Tribbiani**, **Ross Geller**, and **Monica Geller** are on the couch. Monica is holding her blue cereal box. Ross is looking surprised and makes a comment about the man Rachel just kissed, asking "When did Rigatoni get back from Rome?"

**0:41 - 0:43**: **Monica Geller** and **Ross Geller** are on the couch. Monica is opening her cereal box. Ross asks if the man's plane didn't explode.

**0:44 - 0:50**: **Monica Geller** and **Ross Geller** continue their conversation on the couch. Ross explains his dream about the man's plane exploding.

**0:51 - 0:52**: **Phoebe Buffay** is sitting on the back of the armchair, excitedly pointing and saying, "Hey, hey, hey, she's on!" referring to the TV.

**0:53 - 0:54**: The TV screen shows a blonde woman in a gold suit walking onto a stage. (This woman is not one of the provided references).

**0:55 - 0:58**: The man who kissed Rachel, **Chandler Bing**, and **Rachel Green** are gathered around the TV, reacting to the woman on the screen. The man exclaims, "Nora Bing!" (Chandler's mother).

**0:59 - 1:02**: The TV screen shows the blonde woman, Nora Bing, being interviewed by Jay Leno. (Neither of these individuals are among the provided references).
2026-01-10 13:38:22,359 - KnowledgeGraph - INFO - Video chunks revisited failed. Fallback to RAG...
2026-01-10 13:38:22,360 - KnowledgeGraph - INFO - 


2026-01-10 13:38:25,884 - KnowledgeGraph - INFO - RAG answer is valid. Updating Knowledge Graph with new information...
2026-01-10 13:38:57,009 - KnowledgeGraph - INFO - Found 8 nodes and 10 relationships.
2026-01-10 13:38:58,220 - KnowledgeGraph - INFO - Graph schema refreshed.
