2026-01-09 13:49:29,939 - KnowledgeGraph - INFO - Querying: What timesteps rachel appeared in wedding dress?
2026-01-09 13:49:46,373 - KnowledgeGraph - INFO - Querying: Did Rachel change her hairstyle this season or not?
2026-01-09 13:49:57,262 - KnowledgeGraph - INFO - Querying: Show me all scenes where Phoebe and Ross are also seated nearby
2026-01-09 13:50:17,457 - KnowledgeGraph - INFO - Graph answer ('I don't know the answer.') insufficient/invalid, falling back to Vector DB...
2026-01-09 13:50:17,559 - KnowledgeGraph - INFO - Context retrieved from Vector DB:
2026-01-09 13:50:17,560 - KnowledgeGraph - INFO - Video: 1x10 - The One with the Monkey
Time: 00:21:58.775 - 00:22:34.810
Content: ### **TEMPORAL NOTES:**
Scene begins with Ross and Rachel standing near the counter, then Chandler joins them. Joey remains seated at the table throughout. Phoebe stays seated near the couch. The group’s positions remain relatively static, with only minor shifts in posture and gestures.
---
Video: 1x07 - The One With The Blackout
Time: 00:06:00.693 - 00:07:02.921
Content: ### **TEMPORAL NOTES:**
Scene begins with Joey and Monica seated on the couch. Ross and Rachel sit across from them. Phoebe joins the group, sitting nearby. The group remains seated throughout the clip, with minor shifts in posture and gestures.
---
Video: 1x05 - The One With The East German Laundry Detergent
Time: 00:21:58.483 - 00:22:34.268
Content: ### **ACTIONS AND INTERACTIONS:**
Rachel sits on the couch, holding a blue ice pack on Ross's head while speaking to him. Ross sits beside her, looking up at her with a surprised expression. Phoebe sits next to Ross, holding a pink cloth and smiling as she watches the interaction. The scene includes background activity with other patrons moving around the coffee shop.
2026-01-09 13:50:29,982 - KnowledgeGraph - INFO - RAG answer is valid. Updating Knowledge Graph with new information...
2026-01-09 13:50:33,970 - KnowledgeGraph - INFO - Backfilling Graph: Found 2 nodes and 1 relationships.
2026-01-09 13:50:35,002 - KnowledgeGraph - INFO - Graph schema refreshed.
