2026-01-09 10:50:25,341 - KnowledgeGraph - INFO - Querying: which episode did Joey holds a cigarette?
2026-01-09 10:50:27,728 - KnowledgeGraph - INFO - Graph answer ('I don't know the answer.') insufficient/invalid, falling back to Vector DB...
2026-01-09 10:50:27,756 - KnowledgeGraph - INFO - Context retrieved from Vector DB:
2026-01-09 10:50:27,756 - KnowledgeGraph - INFO - Video: 1x03 - The One With The Thumb
Time: 00:02:57.886 - 00:04:00.072
Content: ### **DIALOGUE CONTEXT:**
Chandler discusses the concept of a cigarette as a missing object with Joey, who is holding one. The conversation has a casual, slightly humorous tone, with Chandler appearing animated and Joey reacting with expressive gestures and facial expressions.

### **TEMPORAL NOTES:**
Joey stands up from his seat
Chandler leans forward and gestures while speaking
Joey sits back down after standing up
Joey takes a puff from the cigarette
---
Video: 1x03 - The One With The Thumb
Time: 00:18:00.496 - 00:19:00.221
Content: CHANDLER: Oh, Lamb Chop. How old is that sock? If I had a sock on my hand for 30 years, it'd be talking too. Okay, I think it's time to change somebody's nicotine patch. Hey. Where's Joey? Joey ate my last stick of gum, so I killed him. Do you think that was wrong? - I think he's across the hall. - Thanks. There you go. Ooh, I'm alive with pleasure now. Hey, Pheebs, you gonna have the rest of that Pop Tart? Does anyone want the rest of this Pop Tart? Hey, I might. I'm sorry. You know, those stupid soda
---
Video: 1x16 - The One with Two Parts (1)
Time: 00:00:07.757 - 00:04:59.756
Content: The episode opens with Chandler and Joey at Riff's Bar, where a surprised Joey interacts with a waitress taking their order. The scene then shifts to Central Perk, where Ross is animatedly discussing a problematic monkey and a newspaper crossword with Rachel, who appears concerned. Monica, Chandler, Joey, and Phoebe are also present, with Phoebe leading a lively conversation involving Rachel and Monica, while Chandler observes with a mixed expression. Later, the group is gathered in Monica's apartment
2026-01-09 10:50:31,358 - KnowledgeGraph - INFO - RAG answer is valid. Updating Knowledge Graph with new information...
2026-01-09 10:50:34,020 - KnowledgeGraph - INFO - Backfilling Graph: Found 3 nodes and 3 relationships.
2026-01-09 10:50:34,670 - KnowledgeGraph - INFO - Graph schema refreshed.
